2013-10-25T06:59:25+00:00 ERR (3): 
exception 'Mage_Core_Exception' with message '請指定一個出貨方式' in /var/www/mamaky-live/app/Mage.php:594
Stack trace:
#0 /var/www/mamaky-live/app/code/core/Mage/Sales/Model/Service/Quote.php(303): Mage::throwException('???????????????...')
#1 /var/www/mamaky-live/app/code/core/Mage/Sales/Model/Service/Quote.php(222): Mage_Sales_Model_Service_Quote->_validate()
#2 /var/www/mamaky-live/app/code/core/Mage/Sales/Model/Service/Quote.php(238): Mage_Sales_Model_Service_Quote->submitNominalItems()
#3 /var/www/mamaky-live/app/code/core/Mage/Checkout/Model/Type/Onepage.php(774): Mage_Sales_Model_Service_Quote->submitAll()
#4 /var/www/mamaky-live/app/code/core/Mage/Checkout/controllers/OnepageController.php(512): Mage_Checkout_Model_Type_Onepage->saveOrder()
#5 /var/www/mamaky-live/app/code/core/Mage/Core/Controller/Varien/Action.php(419): Mage_Checkout_OnepageController->saveOrderAction()
#6 /var/www/mamaky-live/app/code/core/Mage/Core/Controller/Varien/Router/Standard.php(250): Mage_Core_Controller_Varien_Action->dispatch('saveOrder')
#7 /var/www/mamaky-live/app/code/core/Mage/Core/Controller/Varien/Front.php(176): Mage_Core_Controller_Varien_Router_Standard->match(Object(Mage_Core_Controller_Request_Http))
#8 /var/www/mamaky-live/app/code/core/Mage/Core/Model/App.php(354): Mage_Core_Controller_Varien_Front->dispatch()
#9 /var/www/mamaky-live/app/Mage.php(683): Mage_Core_Model_App->run(Array)
#10 /var/www/mamaky-live/index.php(87): Mage::run('', 'store')
#11 {main}
2013-10-25T07:00:10+00:00 ERR (3): 
exception 'Mage_Core_Exception' with message '請指定一個出貨方式' in /var/www/mamaky-live/app/Mage.php:594
Stack trace:
#0 /var/www/mamaky-live/app/code/core/Mage/Sales/Model/Service/Quote.php(303): Mage::throwException('???????????????...')
#1 /var/www/mamaky-live/app/code/core/Mage/Sales/Model/Service/Quote.php(222): Mage_Sales_Model_Service_Quote->_validate()
#2 /var/www/mamaky-live/app/code/core/Mage/Sales/Model/Service/Quote.php(238): Mage_Sales_Model_Service_Quote->submitNominalItems()
#3 /var/www/mamaky-live/app/code/core/Mage/Checkout/Model/Type/Onepage.php(774): Mage_Sales_Model_Service_Quote->submitAll()
#4 /var/www/mamaky-live/app/code/core/Mage/Checkout/controllers/OnepageController.php(512): Mage_Checkout_Model_Type_Onepage->saveOrder()
#5 /var/www/mamaky-live/app/code/core/Mage/Core/Controller/Varien/Action.php(419): Mage_Checkout_OnepageController->saveOrderAction()
#6 /var/www/mamaky-live/app/code/core/Mage/Core/Controller/Varien/Router/Standard.php(250): Mage_Core_Controller_Varien_Action->dispatch('saveOrder')
#7 /var/www/mamaky-live/app/code/core/Mage/Core/Controller/Varien/Front.php(176): Mage_Core_Controller_Varien_Router_Standard->match(Object(Mage_Core_Controller_Request_Http))
#8 /var/www/mamaky-live/app/code/core/Mage/Core/Model/App.php(354): Mage_Core_Controller_Varien_Front->dispatch()
#9 /var/www/mamaky-live/app/Mage.php(683): Mage_Core_Model_App->run(Array)
#10 /var/www/mamaky-live/index.php(87): Mage::run('', 'store')
#11 {main}
2013-10-31T03:28:10+00:00 ERR (3): 
exception 'PDOException' with message 'SQLSTATE[42S22]: Column not found: 1054 Unknown column 'salesrule.coupon_code' in 'where clause'' in /var/www/mamaky-live/lib/Zend/Db/Statement/Pdo.php:228
Stack trace:
#0 /var/www/mamaky-live/lib/Zend/Db/Statement/Pdo.php(228): PDOStatement->execute(Array)
#1 /var/www/mamaky-live/lib/Varien/Db/Statement/Pdo/Mysql.php(110): Zend_Db_Statement_Pdo->_execute(Array)
#2 /var/www/mamaky-live/lib/Zend/Db/Statement.php(300): Varien_Db_Statement_Pdo_Mysql->_execute(Array)
#3 /var/www/mamaky-live/lib/Zend/Db/Adapter/Abstract.php(479): Zend_Db_Statement->execute(Array)
#4 /var/www/mamaky-live/lib/Zend/Db/Adapter/Pdo/Abstract.php(238): Zend_Db_Adapter_Abstract->query('SELECT `salesru...', Array)
#5 /var/www/mamaky-live/lib/Varien/Db/Adapter/Pdo/Mysql.php(419): Zend_Db_Adapter_Pdo_Abstract->query('SELECT `salesru...', Array)
#6 /var/www/mamaky-live/lib/Zend/Db/Adapter/Abstract.php(753): Varien_Db_Adapter_Pdo_Mysql->query(Object(Varien_Db_Select), Array)
#7 /var/www/mamaky-live/app/code/core/Mage/Core/Model/Resource/Db/Abstract.php(380): Zend_Db_Adapter_Abstract->fetchRow(Object(Varien_Db_Select))
#8 /var/www/mamaky-live/app/code/core/Mage/Core/Model/Abstract.php(225): Mage_Core_Model_Resource_Db_Abstract->load(Object(Mage_SalesRule_Model_Rule), 'familia35', 'coupon_code')
#9 /var/www/mamaky-live/app/code/local/Orchid/CouponFix/Model/Observer.php(11): Mage_Core_Model_Abstract->load('familia35', 'coupon_code')
#10 /var/www/mamaky-live/app/code/core/Mage/Core/Model/App.php(1338): Orchid_CouponFix_Model_Observer->cancel(Object(Varien_Event_Observer))
#11 /var/www/mamaky-live/app/code/core/Mage/Core/Model/App.php(1317): Mage_Core_Model_App->_callObserverMethod(Object(Orchid_CouponFix_Model_Observer), 'cancel', Object(Varien_Event_Observer))
#12 /var/www/mamaky-live/app/Mage.php(447): Mage_Core_Model_App->dispatchEvent('sales_order_pay...', Array)
#13 /var/www/mamaky-live/app/code/core/Mage/Sales/Model/Order/Payment.php(825): Mage::dispatchEvent('sales_order_pay...', Array)
#14 /var/www/mamaky-live/app/code/core/Mage/Sales/Model/Order.php(1136): Mage_Sales_Model_Order_Payment->cancel()
#15 /var/www/mamaky-live/app/code/core/Mage/Adminhtml/controllers/Sales/OrderController.php(154): Mage_Sales_Model_Order->cancel()
#16 /var/www/mamaky-live/app/code/core/Mage/Core/Controller/Varien/Action.php(419): Mage_Adminhtml_Sales_OrderController->cancelAction()
#17 /var/www/mamaky-live/app/code/core/Mage/Core/Controller/Varien/Router/Standard.php(250): Mage_Core_Controller_Varien_Action->dispatch('cancel')
#18 /var/www/mamaky-live/app/code/core/Mage/Core/Controller/Varien/Front.php(176): Mage_Core_Controller_Varien_Router_Standard->match(Object(Mage_Core_Controller_Request_Http))
#19 /var/www/mamaky-live/app/code/core/Mage/Core/Model/App.php(354): Mage_Core_Controller_Varien_Front->dispatch()
#20 /var/www/mamaky-live/app/Mage.php(683): Mage_Core_Model_App->run(Array)
#21 /var/www/mamaky-live/index.php(87): Mage::run('', 'store')
#22 {main}

Next exception 'Zend_Db_Statement_Exception' with message 'SQLSTATE[42S22]: Column not found: 1054 Unknown column 'salesrule.coupon_code' in 'where clause'' in /var/www/mamaky-live/lib/Zend/Db/Statement/Pdo.php:234
Stack trace:
#0 /var/www/mamaky-live/lib/Varien/Db/Statement/Pdo/Mysql.php(110): Zend_Db_Statement_Pdo->_execute(Array)
#1 /var/www/mamaky-live/lib/Zend/Db/Statement.php(300): Varien_Db_Statement_Pdo_Mysql->_execute(Array)
#2 /var/www/mamaky-live/lib/Zend/Db/Adapter/Abstract.php(479): Zend_Db_Statement->execute(Array)
#3 /var/www/mamaky-live/lib/Zend/Db/Adapter/Pdo/Abstract.php(238): Zend_Db_Adapter_Abstract->query('SELECT `salesru...', Array)
#4 /var/www/mamaky-live/lib/Varien/Db/Adapter/Pdo/Mysql.php(419): Zend_Db_Adapter_Pdo_Abstract->query('SELECT `salesru...', Array)
#5 /var/www/mamaky-live/lib/Zend/Db/Adapter/Abstract.php(753): Varien_Db_Adapter_Pdo_Mysql->query(Object(Varien_Db_Select), Array)
#6 /var/www/mamaky-live/app/code/core/Mage/Core/Model/Resource/Db/Abstract.php(380): Zend_Db_Adapter_Abstract->fetchRow(Object(Varien_Db_Select))
#7 /var/www/mamaky-live/app/code/core/Mage/Core/Model/Abstract.php(225): Mage_Core_Model_Resource_Db_Abstract->load(Object(Mage_SalesRule_Model_Rule), 'familia35', 'coupon_code')
#8 /var/www/mamaky-live/app/code/local/Orchid/CouponFix/Model/Observer.php(11): Mage_Core_Model_Abstract->load('familia35', 'coupon_code')
#9 /var/www/mamaky-live/app/code/core/Mage/Core/Model/App.php(1338): Orchid_CouponFix_Model_Observer->cancel(Object(Varien_Event_Observer))
#10 /var/www/mamaky-live/app/code/core/Mage/Core/Model/App.php(1317): Mage_Core_Model_App->_callObserverMethod(Object(Orchid_CouponFix_Model_Observer), 'cancel', Object(Varien_Event_Observer))
#11 /var/www/mamaky-live/app/Mage.php(447): Mage_Core_Model_App->dispatchEvent('sales_order_pay...', Array)
#12 /var/www/mamaky-live/app/code/core/Mage/Sales/Model/Order/Payment.php(825): Mage::dispatchEvent('sales_order_pay...', Array)
#13 /var/www/mamaky-live/app/code/core/Mage/Sales/Model/Order.php(1136): Mage_Sales_Model_Order_Payment->cancel()
#14 /var/www/mamaky-live/app/code/core/Mage/Adminhtml/controllers/Sales/OrderController.php(154): Mage_Sales_Model_Order->cancel()
#15 /var/www/mamaky-live/app/code/core/Mage/Core/Controller/Varien/Action.php(419): Mage_Adminhtml_Sales_OrderController->cancelAction()
#16 /var/www/mamaky-live/app/code/core/Mage/Core/Controller/Varien/Router/Standard.php(250): Mage_Core_Controller_Varien_Action->dispatch('cancel')
#17 /var/www/mamaky-live/app/code/core/Mage/Core/Controller/Varien/Front.php(176): Mage_Core_Controller_Varien_Router_Standard->match(Object(Mage_Core_Controller_Request_Http))
#18 /var/www/mamaky-live/app/code/core/Mage/Core/Model/App.php(354): Mage_Core_Controller_Varien_Front->dispatch()
#19 /var/www/mamaky-live/app/Mage.php(683): Mage_Core_Model_App->run(Array)
#20 /var/www/mamaky-live/index.php(87): Mage::run('', 'store')
#21 {main}
2013-11-04T05:51:54+00:00 ERR (3): 
exception 'PDOException' with message 'SQLSTATE[42S22]: Column not found: 1054 Unknown column 'salesrule.coupon_code' in 'where clause'' in /var/www/mamaky-live/lib/Zend/Db/Statement/Pdo.php:228
Stack trace:
#0 /var/www/mamaky-live/lib/Zend/Db/Statement/Pdo.php(228): PDOStatement->execute(Array)
#1 /var/www/mamaky-live/lib/Varien/Db/Statement/Pdo/Mysql.php(110): Zend_Db_Statement_Pdo->_execute(Array)
#2 /var/www/mamaky-live/lib/Zend/Db/Statement.php(300): Varien_Db_Statement_Pdo_Mysql->_execute(Array)
#3 /var/www/mamaky-live/lib/Zend/Db/Adapter/Abstract.php(479): Zend_Db_Statement->execute(Array)
#4 /var/www/mamaky-live/lib/Zend/Db/Adapter/Pdo/Abstract.php(238): Zend_Db_Adapter_Abstract->query('SELECT `salesru...', Array)
#5 /var/www/mamaky-live/lib/Varien/Db/Adapter/Pdo/Mysql.php(419): Zend_Db_Adapter_Pdo_Abstract->query('SELECT `salesru...', Array)
#6 /var/www/mamaky-live/lib/Zend/Db/Adapter/Abstract.php(753): Varien_Db_Adapter_Pdo_Mysql->query(Object(Varien_Db_Select), Array)
#7 /var/www/mamaky-live/app/code/core/Mage/Core/Model/Resource/Db/Abstract.php(380): Zend_Db_Adapter_Abstract->fetchRow(Object(Varien_Db_Select))
#8 /var/www/mamaky-live/app/code/core/Mage/Core/Model/Abstract.php(225): Mage_Core_Model_Resource_Db_Abstract->load(Object(Mage_SalesRule_Model_Rule), 'Familia35', 'coupon_code')
#9 /var/www/mamaky-live/app/code/local/Orchid/CouponFix/Model/Observer.php(11): Mage_Core_Model_Abstract->load('Familia35', 'coupon_code')
#10 /var/www/mamaky-live/app/code/core/Mage/Core/Model/App.php(1338): Orchid_CouponFix_Model_Observer->cancel(Object(Varien_Event_Observer))
#11 /var/www/mamaky-live/app/code/core/Mage/Core/Model/App.php(1317): Mage_Core_Model_App->_callObserverMethod(Object(Orchid_CouponFix_Model_Observer), 'cancel', Object(Varien_Event_Observer))
#12 /var/www/mamaky-live/app/Mage.php(447): Mage_Core_Model_App->dispatchEvent('sales_order_pay...', Array)
#13 /var/www/mamaky-live/app/code/core/Mage/Sales/Model/Order/Payment.php(825): Mage::dispatchEvent('sales_order_pay...', Array)
#14 /var/www/mamaky-live/app/code/core/Mage/Sales/Model/Order.php(1136): Mage_Sales_Model_Order_Payment->cancel()
#15 /var/www/mamaky-live/app/code/core/Mage/Adminhtml/controllers/Sales/OrderController.php(154): Mage_Sales_Model_Order->cancel()
#16 /var/www/mamaky-live/app/code/core/Mage/Core/Controller/Varien/Action.php(419): Mage_Adminhtml_Sales_OrderController->cancelAction()
#17 /var/www/mamaky-live/app/code/core/Mage/Core/Controller/Varien/Router/Standard.php(250): Mage_Core_Controller_Varien_Action->dispatch('cancel')
#18 /var/www/mamaky-live/app/code/core/Mage/Core/Controller/Varien/Front.php(176): Mage_Core_Controller_Varien_Router_Standard->match(Object(Mage_Core_Controller_Request_Http))
#19 /var/www/mamaky-live/app/code/core/Mage/Core/Model/App.php(354): Mage_Core_Controller_Varien_Front->dispatch()
#20 /var/www/mamaky-live/app/Mage.php(683): Mage_Core_Model_App->run(Array)
#21 /var/www/mamaky-live/index.php(87): Mage::run('', 'store')
#22 {main}

Next exception 'Zend_Db_Statement_Exception' with message 'SQLSTATE[42S22]: Column not found: 1054 Unknown column 'salesrule.coupon_code' in 'where clause'' in /var/www/mamaky-live/lib/Zend/Db/Statement/Pdo.php:234
Stack trace:
#0 /var/www/mamaky-live/lib/Varien/Db/Statement/Pdo/Mysql.php(110): Zend_Db_Statement_Pdo->_execute(Array)
#1 /var/www/mamaky-live/lib/Zend/Db/Statement.php(300): Varien_Db_Statement_Pdo_Mysql->_execute(Array)
#2 /var/www/mamaky-live/lib/Zend/Db/Adapter/Abstract.php(479): Zend_Db_Statement->execute(Array)
#3 /var/www/mamaky-live/lib/Zend/Db/Adapter/Pdo/Abstract.php(238): Zend_Db_Adapter_Abstract->query('SELECT `salesru...', Array)
#4 /var/www/mamaky-live/lib/Varien/Db/Adapter/Pdo/Mysql.php(419): Zend_Db_Adapter_Pdo_Abstract->query('SELECT `salesru...', Array)
#5 /var/www/mamaky-live/lib/Zend/Db/Adapter/Abstract.php(753): Varien_Db_Adapter_Pdo_Mysql->query(Object(Varien_Db_Select), Array)
#6 /var/www/mamaky-live/app/code/core/Mage/Core/Model/Resource/Db/Abstract.php(380): Zend_Db_Adapter_Abstract->fetchRow(Object(Varien_Db_Select))
#7 /var/www/mamaky-live/app/code/core/Mage/Core/Model/Abstract.php(225): Mage_Core_Model_Resource_Db_Abstract->load(Object(Mage_SalesRule_Model_Rule), 'Familia35', 'coupon_code')
#8 /var/www/mamaky-live/app/code/local/Orchid/CouponFix/Model/Observer.php(11): Mage_Core_Model_Abstract->load('Familia35', 'coupon_code')
#9 /var/www/mamaky-live/app/code/core/Mage/Core/Model/App.php(1338): Orchid_CouponFix_Model_Observer->cancel(Object(Varien_Event_Observer))
#10 /var/www/mamaky-live/app/code/core/Mage/Core/Model/App.php(1317): Mage_Core_Model_App->_callObserverMethod(Object(Orchid_CouponFix_Model_Observer), 'cancel', Object(Varien_Event_Observer))
#11 /var/www/mamaky-live/app/Mage.php(447): Mage_Core_Model_App->dispatchEvent('sales_order_pay...', Array)
#12 /var/www/mamaky-live/app/code/core/Mage/Sales/Model/Order/Payment.php(825): Mage::dispatchEvent('sales_order_pay...', Array)
#13 /var/www/mamaky-live/app/code/core/Mage/Sales/Model/Order.php(1136): Mage_Sales_Model_Order_Payment->cancel()
#14 /var/www/mamaky-live/app/code/core/Mage/Adminhtml/controllers/Sales/OrderController.php(154): Mage_Sales_Model_Order->cancel()
#15 /var/www/mamaky-live/app/code/core/Mage/Core/Controller/Varien/Action.php(419): Mage_Adminhtml_Sales_OrderController->cancelAction()
#16 /var/www/mamaky-live/app/code/core/Mage/Core/Controller/Varien/Router/Standard.php(250): Mage_Core_Controller_Varien_Action->dispatch('cancel')
#17 /var/www/mamaky-live/app/code/core/Mage/Core/Controller/Varien/Front.php(176): Mage_Core_Controller_Varien_Router_Standard->match(Object(Mage_Core_Controller_Request_Http))
#18 /var/www/mamaky-live/app/code/core/Mage/Core/Model/App.php(354): Mage_Core_Controller_Varien_Front->dispatch()
#19 /var/www/mamaky-live/app/Mage.php(683): Mage_Core_Model_App->run(Array)
#20 /var/www/mamaky-live/index.php(87): Mage::run('', 'store')
#21 {main}
2013-11-05T03:05:07+00:00 ERR (3): 
exception 'PDOException' with message 'SQLSTATE[42S22]: Column not found: 1054 Unknown column 'salesrule.coupon_code' in 'where clause'' in /var/www/mamaky-live/lib/Zend/Db/Statement/Pdo.php:228
Stack trace:
#0 /var/www/mamaky-live/lib/Zend/Db/Statement/Pdo.php(228): PDOStatement->execute(Array)
#1 /var/www/mamaky-live/lib/Varien/Db/Statement/Pdo/Mysql.php(110): Zend_Db_Statement_Pdo->_execute(Array)
#2 /var/www/mamaky-live/lib/Zend/Db/Statement.php(300): Varien_Db_Statement_Pdo_Mysql->_execute(Array)
#3 /var/www/mamaky-live/lib/Zend/Db/Adapter/Abstract.php(479): Zend_Db_Statement->execute(Array)
#4 /var/www/mamaky-live/lib/Zend/Db/Adapter/Pdo/Abstract.php(238): Zend_Db_Adapter_Abstract->query('SELECT `salesru...', Array)
#5 /var/www/mamaky-live/lib/Varien/Db/Adapter/Pdo/Mysql.php(419): Zend_Db_Adapter_Pdo_Abstract->query('SELECT `salesru...', Array)
#6 /var/www/mamaky-live/lib/Zend/Db/Adapter/Abstract.php(753): Varien_Db_Adapter_Pdo_Mysql->query(Object(Varien_Db_Select), Array)
#7 /var/www/mamaky-live/app/code/core/Mage/Core/Model/Resource/Db/Abstract.php(380): Zend_Db_Adapter_Abstract->fetchRow(Object(Varien_Db_Select))
#8 /var/www/mamaky-live/app/code/core/Mage/Core/Model/Abstract.php(225): Mage_Core_Model_Resource_Db_Abstract->load(Object(Mage_SalesRule_Model_Rule), 'Familia35', 'coupon_code')
#9 /var/www/mamaky-live/app/code/local/Orchid/CouponFix/Model/Observer.php(11): Mage_Core_Model_Abstract->load('Familia35', 'coupon_code')
#10 /var/www/mamaky-live/app/code/core/Mage/Core/Model/App.php(1338): Orchid_CouponFix_Model_Observer->cancel(Object(Varien_Event_Observer))
#11 /var/www/mamaky-live/app/code/core/Mage/Core/Model/App.php(1317): Mage_Core_Model_App->_callObserverMethod(Object(Orchid_CouponFix_Model_Observer), 'cancel', Object(Varien_Event_Observer))
#12 /var/www/mamaky-live/app/Mage.php(447): Mage_Core_Model_App->dispatchEvent('sales_order_pay...', Array)
#13 /var/www/mamaky-live/app/code/core/Mage/Sales/Model/Order/Payment.php(825): Mage::dispatchEvent('sales_order_pay...', Array)
#14 /var/www/mamaky-live/app/code/core/Mage/Sales/Model/Order.php(1136): Mage_Sales_Model_Order_Payment->cancel()
#15 /var/www/mamaky-live/app/code/core/Mage/Adminhtml/controllers/Sales/OrderController.php(154): Mage_Sales_Model_Order->cancel()
#16 /var/www/mamaky-live/app/code/core/Mage/Core/Controller/Varien/Action.php(419): Mage_Adminhtml_Sales_OrderController->cancelAction()
#17 /var/www/mamaky-live/app/code/core/Mage/Core/Controller/Varien/Router/Standard.php(250): Mage_Core_Controller_Varien_Action->dispatch('cancel')
#18 /var/www/mamaky-live/app/code/core/Mage/Core/Controller/Varien/Front.php(176): Mage_Core_Controller_Varien_Router_Standard->match(Object(Mage_Core_Controller_Request_Http))
#19 /var/www/mamaky-live/app/code/core/Mage/Core/Model/App.php(354): Mage_Core_Controller_Varien_Front->dispatch()
#20 /var/www/mamaky-live/app/Mage.php(683): Mage_Core_Model_App->run(Array)
#21 /var/www/mamaky-live/index.php(87): Mage::run('', 'store')
#22 {main}

Next exception 'Zend_Db_Statement_Exception' with message 'SQLSTATE[42S22]: Column not found: 1054 Unknown column 'salesrule.coupon_code' in 'where clause'' in /var/www/mamaky-live/lib/Zend/Db/Statement/Pdo.php:234
Stack trace:
#0 /var/www/mamaky-live/lib/Varien/Db/Statement/Pdo/Mysql.php(110): Zend_Db_Statement_Pdo->_execute(Array)
#1 /var/www/mamaky-live/lib/Zend/Db/Statement.php(300): Varien_Db_Statement_Pdo_Mysql->_execute(Array)
#2 /var/www/mamaky-live/lib/Zend/Db/Adapter/Abstract.php(479): Zend_Db_Statement->execute(Array)
#3 /var/www/mamaky-live/lib/Zend/Db/Adapter/Pdo/Abstract.php(238): Zend_Db_Adapter_Abstract->query('SELECT `salesru...', Array)
#4 /var/www/mamaky-live/lib/Varien/Db/Adapter/Pdo/Mysql.php(419): Zend_Db_Adapter_Pdo_Abstract->query('SELECT `salesru...', Array)
#5 /var/www/mamaky-live/lib/Zend/Db/Adapter/Abstract.php(753): Varien_Db_Adapter_Pdo_Mysql->query(Object(Varien_Db_Select), Array)
#6 /var/www/mamaky-live/app/code/core/Mage/Core/Model/Resource/Db/Abstract.php(380): Zend_Db_Adapter_Abstract->fetchRow(Object(Varien_Db_Select))
#7 /var/www/mamaky-live/app/code/core/Mage/Core/Model/Abstract.php(225): Mage_Core_Model_Resource_Db_Abstract->load(Object(Mage_SalesRule_Model_Rule), 'Familia35', 'coupon_code')
#8 /var/www/mamaky-live/app/code/local/Orchid/CouponFix/Model/Observer.php(11): Mage_Core_Model_Abstract->load('Familia35', 'coupon_code')
#9 /var/www/mamaky-live/app/code/core/Mage/Core/Model/App.php(1338): Orchid_CouponFix_Model_Observer->cancel(Object(Varien_Event_Observer))
#10 /var/www/mamaky-live/app/code/core/Mage/Core/Model/App.php(1317): Mage_Core_Model_App->_callObserverMethod(Object(Orchid_CouponFix_Model_Observer), 'cancel', Object(Varien_Event_Observer))
#11 /var/www/mamaky-live/app/Mage.php(447): Mage_Core_Model_App->dispatchEvent('sales_order_pay...', Array)
#12 /var/www/mamaky-live/app/code/core/Mage/Sales/Model/Order/Payment.php(825): Mage::dispatchEvent('sales_order_pay...', Array)
#13 /var/www/mamaky-live/app/code/core/Mage/Sales/Model/Order.php(1136): Mage_Sales_Model_Order_Payment->cancel()
#14 /var/www/mamaky-live/app/code/core/Mage/Adminhtml/controllers/Sales/OrderController.php(154): Mage_Sales_Model_Order->cancel()
#15 /var/www/mamaky-live/app/code/core/Mage/Core/Controller/Varien/Action.php(419): Mage_Adminhtml_Sales_OrderController->cancelAction()
#16 /var/www/mamaky-live/app/code/core/Mage/Core/Controller/Varien/Router/Standard.php(250): Mage_Core_Controller_Varien_Action->dispatch('cancel')
#17 /var/www/mamaky-live/app/code/core/Mage/Core/Controller/Varien/Front.php(176): Mage_Core_Controller_Varien_Router_Standard->match(Object(Mage_Core_Controller_Request_Http))
#18 /var/www/mamaky-live/app/code/core/Mage/Core/Model/App.php(354): Mage_Core_Controller_Varien_Front->dispatch()
#19 /var/www/mamaky-live/app/Mage.php(683): Mage_Core_Model_App->run(Array)
#20 /var/www/mamaky-live/index.php(87): Mage::run('', 'store')
#21 {main}
2013-11-05T03:40:47+00:00 ERR (3): 
exception 'PDOException' with message 'SQLSTATE[42S22]: Column not found: 1054 Unknown column 'salesrule.coupon_code' in 'where clause'' in /var/www/mamaky-live/lib/Zend/Db/Statement/Pdo.php:228
Stack trace:
#0 /var/www/mamaky-live/lib/Zend/Db/Statement/Pdo.php(228): PDOStatement->execute(Array)
#1 /var/www/mamaky-live/lib/Varien/Db/Statement/Pdo/Mysql.php(110): Zend_Db_Statement_Pdo->_execute(Array)
#2 /var/www/mamaky-live/lib/Zend/Db/Statement.php(300): Varien_Db_Statement_Pdo_Mysql->_execute(Array)
#3 /var/www/mamaky-live/lib/Zend/Db/Adapter/Abstract.php(479): Zend_Db_Statement->execute(Array)
#4 /var/www/mamaky-live/lib/Zend/Db/Adapter/Pdo/Abstract.php(238): Zend_Db_Adapter_Abstract->query('SELECT `salesru...', Array)
#5 /var/www/mamaky-live/lib/Varien/Db/Adapter/Pdo/Mysql.php(419): Zend_Db_Adapter_Pdo_Abstract->query('SELECT `salesru...', Array)
#6 /var/www/mamaky-live/lib/Zend/Db/Adapter/Abstract.php(753): Varien_Db_Adapter_Pdo_Mysql->query(Object(Varien_Db_Select), Array)
#7 /var/www/mamaky-live/app/code/core/Mage/Core/Model/Resource/Db/Abstract.php(380): Zend_Db_Adapter_Abstract->fetchRow(Object(Varien_Db_Select))
#8 /var/www/mamaky-live/app/code/core/Mage/Core/Model/Abstract.php(225): Mage_Core_Model_Resource_Db_Abstract->load(Object(Mage_SalesRule_Model_Rule), 'Familia35', 'coupon_code')
#9 /var/www/mamaky-live/app/code/local/Orchid/CouponFix/Model/Observer.php(11): Mage_Core_Model_Abstract->load('Familia35', 'coupon_code')
#10 /var/www/mamaky-live/app/code/core/Mage/Core/Model/App.php(1338): Orchid_CouponFix_Model_Observer->cancel(Object(Varien_Event_Observer))
#11 /var/www/mamaky-live/app/code/core/Mage/Core/Model/App.php(1317): Mage_Core_Model_App->_callObserverMethod(Object(Orchid_CouponFix_Model_Observer), 'cancel', Object(Varien_Event_Observer))
#12 /var/www/mamaky-live/app/Mage.php(447): Mage_Core_Model_App->dispatchEvent('sales_order_pay...', Array)
#13 /var/www/mamaky-live/app/code/core/Mage/Sales/Model/Order/Payment.php(825): Mage::dispatchEvent('sales_order_pay...', Array)
#14 /var/www/mamaky-live/app/code/core/Mage/Sales/Model/Order.php(1136): Mage_Sales_Model_Order_Payment->cancel()
#15 /var/www/mamaky-live/app/code/core/Mage/Adminhtml/controllers/Sales/OrderController.php(154): Mage_Sales_Model_Order->cancel()
#16 /var/www/mamaky-live/app/code/core/Mage/Core/Controller/Varien/Action.php(419): Mage_Adminhtml_Sales_OrderController->cancelAction()
#17 /var/www/mamaky-live/app/code/core/Mage/Core/Controller/Varien/Router/Standard.php(250): Mage_Core_Controller_Varien_Action->dispatch('cancel')
#18 /var/www/mamaky-live/app/code/core/Mage/Core/Controller/Varien/Front.php(176): Mage_Core_Controller_Varien_Router_Standard->match(Object(Mage_Core_Controller_Request_Http))
#19 /var/www/mamaky-live/app/code/core/Mage/Core/Model/App.php(354): Mage_Core_Controller_Varien_Front->dispatch()
#20 /var/www/mamaky-live/app/Mage.php(683): Mage_Core_Model_App->run(Array)
#21 /var/www/mamaky-live/index.php(87): Mage::run('', 'store')
#22 {main}

Next exception 'Zend_Db_Statement_Exception' with message 'SQLSTATE[42S22]: Column not found: 1054 Unknown column 'salesrule.coupon_code' in 'where clause'' in /var/www/mamaky-live/lib/Zend/Db/Statement/Pdo.php:234
Stack trace:
#0 /var/www/mamaky-live/lib/Varien/Db/Statement/Pdo/Mysql.php(110): Zend_Db_Statement_Pdo->_execute(Array)
#1 /var/www/mamaky-live/lib/Zend/Db/Statement.php(300): Varien_Db_Statement_Pdo_Mysql->_execute(Array)
#2 /var/www/mamaky-live/lib/Zend/Db/Adapter/Abstract.php(479): Zend_Db_Statement->execute(Array)
#3 /var/www/mamaky-live/lib/Zend/Db/Adapter/Pdo/Abstract.php(238): Zend_Db_Adapter_Abstract->query('SELECT `salesru...', Array)
#4 /var/www/mamaky-live/lib/Varien/Db/Adapter/Pdo/Mysql.php(419): Zend_Db_Adapter_Pdo_Abstract->query('SELECT `salesru...', Array)
#5 /var/www/mamaky-live/lib/Zend/Db/Adapter/Abstract.php(753): Varien_Db_Adapter_Pdo_Mysql->query(Object(Varien_Db_Select), Array)
#6 /var/www/mamaky-live/app/code/core/Mage/Core/Model/Resource/Db/Abstract.php(380): Zend_Db_Adapter_Abstract->fetchRow(Object(Varien_Db_Select))
#7 /var/www/mamaky-live/app/code/core/Mage/Core/Model/Abstract.php(225): Mage_Core_Model_Resource_Db_Abstract->load(Object(Mage_SalesRule_Model_Rule), 'Familia35', 'coupon_code')
#8 /var/www/mamaky-live/app/code/local/Orchid/CouponFix/Model/Observer.php(11): Mage_Core_Model_Abstract->load('Familia35', 'coupon_code')
#9 /var/www/mamaky-live/app/code/core/Mage/Core/Model/App.php(1338): Orchid_CouponFix_Model_Observer->cancel(Object(Varien_Event_Observer))
#10 /var/www/mamaky-live/app/code/core/Mage/Core/Model/App.php(1317): Mage_Core_Model_App->_callObserverMethod(Object(Orchid_CouponFix_Model_Observer), 'cancel', Object(Varien_Event_Observer))
#11 /var/www/mamaky-live/app/Mage.php(447): Mage_Core_Model_App->dispatchEvent('sales_order_pay...', Array)
#12 /var/www/mamaky-live/app/code/core/Mage/Sales/Model/Order/Payment.php(825): Mage::dispatchEvent('sales_order_pay...', Array)
#13 /var/www/mamaky-live/app/code/core/Mage/Sales/Model/Order.php(1136): Mage_Sales_Model_Order_Payment->cancel()
#14 /var/www/mamaky-live/app/code/core/Mage/Adminhtml/controllers/Sales/OrderController.php(154): Mage_Sales_Model_Order->cancel()
#15 /var/www/mamaky-live/app/code/core/Mage/Core/Controller/Varien/Action.php(419): Mage_Adminhtml_Sales_OrderController->cancelAction()
#16 /var/www/mamaky-live/app/code/core/Mage/Core/Controller/Varien/Router/Standard.php(250): Mage_Core_Controller_Varien_Action->dispatch('cancel')
#17 /var/www/mamaky-live/app/code/core/Mage/Core/Controller/Varien/Front.php(176): Mage_Core_Controller_Varien_Router_Standard->match(Object(Mage_Core_Controller_Request_Http))
#18 /var/www/mamaky-live/app/code/core/Mage/Core/Model/App.php(354): Mage_Core_Controller_Varien_Front->dispatch()
#19 /var/www/mamaky-live/app/Mage.php(683): Mage_Core_Model_App->run(Array)
#20 /var/www/mamaky-live/index.php(87): Mage::run('', 'store')
#21 {main}
